[INFO ] 2022-11-28 13:17:51.928 [main] RWC001 - Opened Browser
[DEBUG] 2022-11-28 13:17:52.025 [main] PackageRelationshipCollection - Parsing relationship: /xl/_rels/workbook.xml.rels
[DEBUG] 2022-11-28 13:17:52.029 [main] PackageRelationshipCollection - Parsing relationship: /xl/worksheets/_rels/sheet1.xml.rels
[DEBUG] 2022-11-28 13:17:52.029 [main] PackageRelationshipCollection - Parsing relationship: /xl/worksheets/_rels/sheet2.xml.rels
[DEBUG] 2022-11-28 13:17:52.030 [main] PackageRelationshipCollection - Parsing relationship: /xl/worksheets/_rels/sheet3.xml.rels
[DEBUG] 2022-11-28 13:17:52.032 [main] PackageRelationshipCollection - Parsing relationship: /xl/worksheets/_rels/sheet5.xml.rels
[DEBUG] 2022-11-28 13:17:52.032 [main] PackageRelationshipCollection - Parsing relationship: /xl/worksheets/_rels/sheet7.xml.rels
[DEBUG] 2022-11-28 13:17:52.033 [main] PackageRelationshipCollection - Parsing relationship: /xl/worksheets/_rels/sheet10.xml.rels
[DEBUG] 2022-11-28 13:17:52.033 [main] PackageRelationshipCollection - Parsing relationship: /xl/worksheets/_rels/sheet12.xml.rels
[DEBUG] 2022-11-28 13:17:52.034 [main] PackageRelationshipCollection - Parsing relationship: /xl/worksheets/_rels/sheet19.xml.rels
[DEBUG] 2022-11-28 13:17:52.035 [main] PackageRelationshipCollection - Parsing relationship: /_rels/.rels
[TRACE] 2022-11-28 13:17:52.178 [main] XBeanDebug - Loading type system org.apache.poi.schemas.ooxml.system.ooxml
[TRACE] 2022-11-28 13:17:52.181 [main] XBeanDebug - Loading type system org.apache.xmlbeans.metadata.system.sXMLCONFIG
[TRACE] 2022-11-28 13:17:52.182 [main] XBeanDebug - Loading type system org.apache.xmlbeans.metadata.system.sXMLLANG
[TRACE] 2022-11-28 13:17:52.183 [main] XBeanDebug - Loading type system org.apache.xmlbeans.metadata.system.sXMLSCHEMA
[TRACE] 2022-11-28 13:17:52.184 [main] XBeanDebug - Loading type system org.apache.xmlbeans.metadata.system.sXMLTOOLS
[TRACE] 2022-11-28 13:17:52.185 [main] XBeanDebug - Reading unresolved handles for type system org.apache.xmlbeans.metadata.system.sXMLTOOLS
[TRACE] 2022-11-28 13:17:52.195 [main] XBeanDebug - Finished loading type system org.apache.xmlbeans.metadata.system.sXMLTOOLS
[TRACE] 2022-11-28 13:17:52.195 [main] XBeanDebug - Reading unresolved handles for type system org.apache.xmlbeans.metadata.system.sXMLSCHEMA
[TRACE] 2022-11-28 13:17:52.199 [main] XBeanDebug - Finished loading type system org.apache.xmlbeans.metadata.system.sXMLSCHEMA
[TRACE] 2022-11-28 13:17:52.200 [main] XBeanDebug - Reading unresolved handles for type system org.apache.xmlbeans.metadata.system.sXMLLANG
[TRACE] 2022-11-28 13:17:52.201 [main] XBeanDebug - Finished loading type system org.apache.xmlbeans.metadata.system.sXMLLANG
[TRACE] 2022-11-28 13:17:52.201 [main] XBeanDebug - Reading unresolved handles for type system org.apache.xmlbeans.metadata.system.sXMLCONFIG
[TRACE] 2022-11-28 13:17:52.202 [main] XBeanDebug - Finished loading type system org.apache.xmlbeans.metadata.system.sXMLCONFIG
[TRACE] 2022-11-28 13:17:52.203 [main] XBeanDebug - Reading unresolved handles for type system org.apache.poi.schemas.ooxml.system.ooxml
[TRACE] 2022-11-28 13:17:52.248 [main] XBeanDebug - Finished loading type system org.apache.poi.schemas.ooxml.system.ooxml
[TRACE] 2022-11-28 13:17:52.249 [main] XBeanDebug - Resolving type for handle themefd26doctype
[TRACE] 2022-11-28 13:17:52.302 [main] XBeanDebug - Resolving type for handle stylesheet5d8bdoctype
[TRACE] 2022-11-28 13:17:52.308 [main] XBeanDebug - Resolving type for handle ctstylesheet4257type
[TRACE] 2022-11-28 13:17:52.313 [main] XBeanDebug - Resolving type for handle ctfonts6623type
[TRACE] 2022-11-28 13:17:52.316 [main] XBeanDebug - Resolving type for handle ctfont14d8type
[TRACE] 2022-11-28 13:17:52.320 [main] XBeanDebug - Resolving type for handle ctfills2c6ftype
[TRACE] 2022-11-28 13:17:52.321 [main] XBeanDebug - Resolving type for handle ctfill550ctype
[TRACE] 2022-11-28 13:17:52.323 [main] XBeanDebug - Resolving type for handle ctborders0d66type
[TRACE] 2022-11-28 13:17:52.324 [main] XBeanDebug - Resolving type for handle ctborderf935type
[TRACE] 2022-11-28 13:17:52.326 [main] XBeanDebug - Resolving type for handle ctcellxfs1322type
[TRACE] 2022-11-28 13:17:52.328 [main] XBeanDebug - Resolving type for handle ctxf97f7type
[TRACE] 2022-11-28 13:17:52.331 [main] XBeanDebug - Resolving type for handle ctcellstylexfsa81ftype
[TRACE] 2022-11-28 13:17:52.332 [main] XBeanDebug - Resolving type for handle ctdxfsb26atype
[TRACE] 2022-11-28 13:17:52.333 [main] XBeanDebug - Resolving type for handle cttablestyles872ftype
[TRACE] 2022-11-28 13:17:52.335 [main] XBeanDebug - Resolving type for handle sstf81fdoctype
[TRACE] 2022-11-28 13:17:52.341 [main] XBeanDebug - Resolving type for handle ctsst44f3type
[TRACE] 2022-11-28 13:17:52.350 [main] XBeanDebug - Resolving type for handle ctrsta472type
[DEBUG] 2022-11-28 13:17:52.395 [main] POIXMLFactory - using default POIXMLDocumentPart for http://schemas.openxmlformats.org/officeDocument/2006/relationships/printerSettings
[DEBUG] 2022-11-28 13:17:52.395 [main] POIXMLFactory - using default POIXMLDocumentPart for http://schemas.openxmlformats.org/officeDocument/2006/relationships/printerSettings
[DEBUG] 2022-11-28 13:17:52.396 [main] POIXMLFactory - using default POIXMLDocumentPart for http://schemas.openxmlformats.org/officeDocument/2006/relationships/printerSettings
[DEBUG] 2022-11-28 13:17:52.396 [main] POIXMLFactory - using default POIXMLDocumentPart for http://schemas.openxmlformats.org/officeDocument/2006/relationships/printerSettings
[DEBUG] 2022-11-28 13:17:52.396 [main] POIXMLFactory - using default POIXMLDocumentPart for http://schemas.openxmlformats.org/officeDocument/2006/relationships/printerSettings
[DEBUG] 2022-11-28 13:17:52.396 [main] POIXMLFactory - using default POIXMLDocumentPart for http://schemas.openxmlformats.org/officeDocument/2006/relationships/printerSettings
[DEBUG] 2022-11-28 13:17:52.396 [main] POIXMLFactory - using default POIXMLDocumentPart for http://schemas.openxmlformats.org/officeDocument/2006/relationships/printerSettings
[DEBUG] 2022-11-28 13:17:52.397 [main] POIXMLFactory - using default POIXMLDocumentPart for http://schemas.openxmlformats.org/officeDocument/2006/relationships/printerSettings
[TRACE] 2022-11-28 13:17:52.398 [main] XBeanDebug - Resolving type for handle workbookec17doctype
[TRACE] 2022-11-28 13:17:52.403 [main] XBeanDebug - Resolving type for handle ctworkbook83c3type
[TRACE] 2022-11-28 13:17:52.406 [main] XBeanDebug - Resolving type for handle ctsheets49fdtype
[TRACE] 2022-11-28 13:17:52.408 [main] XBeanDebug - Resolving type for handle ctsheet4dbetype
[TRACE] 2022-11-28 13:17:52.410 [main] XBeanDebug - Resolving type for handle strelationshipid1e94type
[TRACE] 2022-11-28 13:17:52.412 [main] XBeanDebug - Resolving type for handle worksheetf539doctype
[TRACE] 2022-11-28 13:17:52.416 [main] XBeanDebug - Resolving type for handle ctworksheet530dtype
[TRACE] 2022-11-28 13:17:52.420 [main] XBeanDebug - Resolving type for handle ctsheetdata8408type
[TRACE] 2022-11-28 13:17:52.422 [main] XBeanDebug - Resolving type for handle ctrowdd39type
[TRACE] 2022-11-28 13:17:52.425 [main] XBeanDebug - Resolving type for handle ctcell842btype
[TRACE] 2022-11-28 13:17:52.429 [main] XBeanDebug - Resolving type for handle stcellrefe4e0type
[TRACE] 2022-11-28 13:17:52.435 [main] XBeanDebug - Resolving type for handle ctcols627ctype
[TRACE] 2022-11-28 13:17:52.439 [main] XBeanDebug - Resolving type for handle ctcola95ftype
[TRACE] 2022-11-28 13:17:52.458 [main] XBeanDebug - Resolving type for handle cthyperlinks6416type
[TRACE] 2022-11-28 13:17:52.460 [main] XBeanDebug - Resolving type for handle cthyperlink0c85type
[INFO ] 2022-11-28 13:18:13.231 [main] RWC001 - ****************************** Login to the application  *****************************************
[INFO ] 2022-11-28 13:18:13.231 [main] RWC001 - get full class namecom.celtic.automation.cmcs.parallel.RWC001
[INFO ] 2022-11-28 13:18:13.231 [main] RWC001 - className isRWC001
[INFO ] 2022-11-28 13:18:13.799 [main] RWC001 - *** Enter Username ***
[INFO ] 2022-11-28 13:18:14.289 [main] RWC001 - *** Enter Password ***
[INFO ] 2022-11-28 13:18:18.960 [main] RWC001 - *** Click Login ***
[INFO ] 2022-11-28 13:18:49.976 [main] RWC001 - *** Click IRP ***
[INFO ] 2022-11-28 13:18:51.746 [main] RWC001 - *** Click RenewFleet ***
[TRACE] 2022-11-28 13:18:52.294 [main] XBeanDebug - Resolving type for handle stxstringf179type
[TRACE] 2022-11-28 13:18:52.302 [main] XBeanDebug - Resolving type for handle stcelltypebf95type
[INFO ] 2022-11-28 13:18:52.574 [main] RWC001 - *** Enter Account Number ***
[INFO ] 2022-11-28 13:18:53.045 [main] RWC001 - *** Enter FleetNo ***
[INFO ] 2022-11-28 13:18:53.541 [main] RWC001 - *** Click FleetYear ***
[INFO ] 2022-11-28 13:18:57.279 [main] RWC001 - [IRPSUPP13 : [E] You cannot do this supplement because next year's renewal/reinstatement has started.]
[DEBUG] 2022-11-28 13:19:57.560 [main] PackageRelationshipCollection - Parsing relationship: /xl/_rels/workbook.xml.rels
[DEBUG] 2022-11-28 13:19:57.560 [main] PackageRelationshipCollection - Parsing relationship: /_rels/.rels
[TRACE] 2022-11-28 13:19:57.576 [main] XBeanDebug - Resolving type for handle ctnumfmtsb58btype
[TRACE] 2022-11-28 13:19:57.758 [main] XBeanDebug - Resolving type for handle ctsheetdimensiond310type
[TRACE] 2022-11-28 13:19:57.766 [main] XBeanDebug - Resolving type for handle stref90a2type
[TRACE] 2022-11-28 13:19:57.842 [main] XBeanDebug - Resolving type for handle propertiesee84doctype
[TRACE] 2022-11-28 13:19:57.842 [main] XBeanDebug - Resolving type for handle ctproperties3f10type
[TRACE] 2022-11-28 13:19:57.852 [main] XBeanDebug - Resolving type for handle properties288cdoctype
[TRACE] 2022-11-28 13:19:57.860 [main] XBeanDebug - Resolving type for handle ctproperties2c18type
[DEBUG] 2022-11-28 13:19:57.886 [main] ZipPackage - Save content types part
[DEBUG] 2022-11-28 13:19:58.034 [main] ZipPackage - Save package relationships
[DEBUG] 2022-11-28 13:19:58.042 [main] ZipPackage - Save part 'docProps/app.xml'
[DEBUG] 2022-11-28 13:19:58.042 [main] ZipPackage - Save part 'docProps/core.xml'
[DEBUG] 2022-11-28 13:19:58.050 [main] ZipPackage - Save part 'xl/sharedStrings.xml'
[DEBUG] 2022-11-28 13:19:58.050 [main] ZipPackage - Save part 'xl/styles.xml'
[DEBUG] 2022-11-28 13:19:58.050 [main] ZipPackage - Save part 'xl/theme/theme1.xml'
[DEBUG] 2022-11-28 13:19:58.050 [main] ZipPackage - Save part 'xl/workbook.xml'
[DEBUG] 2022-11-28 13:19:58.058 [main] ZipPackage - Save part 'xl/worksheets/sheet1.xml'
[DEBUG] 2022-11-28 13:19:58.058 [main] ZipPackage - Save part 'xl/worksheets/sheet2.xml'
[DEBUG] 2022-11-28 13:19:58.058 [main] ZipPackage - Save part 'xl/worksheets/sheet3.xml'
[DEBUG] 2022-11-28 13:19:58.058 [main] ZipPackage - Save part 'xl/worksheets/sheet4.xml'
[DEBUG] 2022-11-28 13:19:58.058 [main] ZipPackage - Save part 'xl/worksheets/sheet5.xml'
[DEBUG] 2022-11-28 13:19:58.058 [main] ZipPackage - Save part 'xl/worksheets/sheet6.xml'
[DEBUG] 2022-11-28 13:19:58.066 [main] ZipPackage - Save part 'xl/worksheets/sheet7.xml'
[DEBUG] 2022-11-28 13:19:58.066 [main] ZipPackage - Save part 'xl/worksheets/sheet8.xml'
[DEBUG] 2022-11-28 13:19:58.066 [main] ZipPackage - Save part 'xl/worksheets/sheet9.xml'
[DEBUG] 2022-11-28 13:19:58.069 [main] ZipPackage - Save part 'xl/worksheets/sheet10.xml'
[DEBUG] 2022-11-28 13:19:58.069 [main] ZipPackage - Save part 'xl/worksheets/sheet11.xml'
[DEBUG] 2022-11-28 13:19:58.069 [main] ZipPackage - Save part 'xl/worksheets/sheet12.xml'
[DEBUG] 2022-11-28 13:19:58.069 [main] ZipPackage - Save part 'xl/worksheets/sheet13.xml'
