[INFO ] 2022-11-28 12:51:41.027 [main] RWC001 - Opened Browser
[DEBUG] 2022-11-28 12:51:41.127 [main] PackageRelationshipCollection - Parsing relationship: /xl/_rels/workbook.xml.rels
[DEBUG] 2022-11-28 12:51:41.131 [main] PackageRelationshipCollection - Parsing relationship: /xl/worksheets/_rels/sheet1.xml.rels
[DEBUG] 2022-11-28 12:51:41.132 [main] PackageRelationshipCollection - Parsing relationship: /xl/worksheets/_rels/sheet2.xml.rels
[DEBUG] 2022-11-28 12:51:41.133 [main] PackageRelationshipCollection - Parsing relationship: /xl/worksheets/_rels/sheet3.xml.rels
[DEBUG] 2022-11-28 12:51:41.136 [main] PackageRelationshipCollection - Parsing relationship: /xl/worksheets/_rels/sheet5.xml.rels
[DEBUG] 2022-11-28 12:51:41.137 [main] PackageRelationshipCollection - Parsing relationship: /xl/worksheets/_rels/sheet7.xml.rels
[DEBUG] 2022-11-28 12:51:41.137 [main] PackageRelationshipCollection - Parsing relationship: /xl/worksheets/_rels/sheet10.xml.rels
[DEBUG] 2022-11-28 12:51:41.139 [main] PackageRelationshipCollection - Parsing relationship: /xl/worksheets/_rels/sheet12.xml.rels
[DEBUG] 2022-11-28 12:51:41.140 [main] PackageRelationshipCollection - Parsing relationship: /xl/worksheets/_rels/sheet19.xml.rels
[DEBUG] 2022-11-28 12:51:41.140 [main] PackageRelationshipCollection - Parsing relationship: /_rels/.rels
[TRACE] 2022-11-28 12:51:41.282 [main] XBeanDebug - Loading type system org.apache.poi.schemas.ooxml.system.ooxml
[TRACE] 2022-11-28 12:51:41.284 [main] XBeanDebug - Loading type system org.apache.xmlbeans.metadata.system.sXMLCONFIG
[TRACE] 2022-11-28 12:51:41.285 [main] XBeanDebug - Loading type system org.apache.xmlbeans.metadata.system.sXMLLANG
[TRACE] 2022-11-28 12:51:41.286 [main] XBeanDebug - Loading type system org.apache.xmlbeans.metadata.system.sXMLSCHEMA
[TRACE] 2022-11-28 12:51:41.287 [main] XBeanDebug - Loading type system org.apache.xmlbeans.metadata.system.sXMLTOOLS
[TRACE] 2022-11-28 12:51:41.288 [main] XBeanDebug - Reading unresolved handles for type system org.apache.xmlbeans.metadata.system.sXMLTOOLS
[TRACE] 2022-11-28 12:51:41.300 [main] XBeanDebug - Finished loading type system org.apache.xmlbeans.metadata.system.sXMLTOOLS
[TRACE] 2022-11-28 12:51:41.300 [main] XBeanDebug - Reading unresolved handles for type system org.apache.xmlbeans.metadata.system.sXMLSCHEMA
[TRACE] 2022-11-28 12:51:41.304 [main] XBeanDebug - Finished loading type system org.apache.xmlbeans.metadata.system.sXMLSCHEMA
[TRACE] 2022-11-28 12:51:41.304 [main] XBeanDebug - Reading unresolved handles for type system org.apache.xmlbeans.metadata.system.sXMLLANG
[TRACE] 2022-11-28 12:51:41.305 [main] XBeanDebug - Finished loading type system org.apache.xmlbeans.metadata.system.sXMLLANG
[TRACE] 2022-11-28 12:51:41.306 [main] XBeanDebug - Reading unresolved handles for type system org.apache.xmlbeans.metadata.system.sXMLCONFIG
[TRACE] 2022-11-28 12:51:41.306 [main] XBeanDebug - Finished loading type system org.apache.xmlbeans.metadata.system.sXMLCONFIG
[TRACE] 2022-11-28 12:51:41.307 [main] XBeanDebug - Reading unresolved handles for type system org.apache.poi.schemas.ooxml.system.ooxml
[TRACE] 2022-11-28 12:51:41.356 [main] XBeanDebug - Finished loading type system org.apache.poi.schemas.ooxml.system.ooxml
[TRACE] 2022-11-28 12:51:41.357 [main] XBeanDebug - Resolving type for handle themefd26doctype
[TRACE] 2022-11-28 12:51:41.402 [main] XBeanDebug - Resolving type for handle stylesheet5d8bdoctype
[TRACE] 2022-11-28 12:51:41.407 [main] XBeanDebug - Resolving type for handle ctstylesheet4257type
[TRACE] 2022-11-28 12:51:41.411 [main] XBeanDebug - Resolving type for handle ctfonts6623type
[TRACE] 2022-11-28 12:51:41.413 [main] XBeanDebug - Resolving type for handle ctfont14d8type
[TRACE] 2022-11-28 12:51:41.418 [main] XBeanDebug - Resolving type for handle ctfills2c6ftype
[TRACE] 2022-11-28 12:51:41.420 [main] XBeanDebug - Resolving type for handle ctfill550ctype
[TRACE] 2022-11-28 12:51:41.422 [main] XBeanDebug - Resolving type for handle ctborders0d66type
[TRACE] 2022-11-28 12:51:41.425 [main] XBeanDebug - Resolving type for handle ctborderf935type
[TRACE] 2022-11-28 12:51:41.427 [main] XBeanDebug - Resolving type for handle ctcellxfs1322type
[TRACE] 2022-11-28 12:51:41.429 [main] XBeanDebug - Resolving type for handle ctxf97f7type
[TRACE] 2022-11-28 12:51:41.432 [main] XBeanDebug - Resolving type for handle ctcellstylexfsa81ftype
[TRACE] 2022-11-28 12:51:41.433 [main] XBeanDebug - Resolving type for handle ctdxfsb26atype
[TRACE] 2022-11-28 12:51:41.435 [main] XBeanDebug - Resolving type for handle cttablestyles872ftype
[TRACE] 2022-11-28 12:51:41.438 [main] XBeanDebug - Resolving type for handle sstf81fdoctype
[TRACE] 2022-11-28 12:51:41.447 [main] XBeanDebug - Resolving type for handle ctsst44f3type
[TRACE] 2022-11-28 12:51:41.456 [main] XBeanDebug - Resolving type for handle ctrsta472type
[DEBUG] 2022-11-28 12:51:41.504 [main] POIXMLFactory - using default POIXMLDocumentPart for http://schemas.openxmlformats.org/officeDocument/2006/relationships/printerSettings
[DEBUG] 2022-11-28 12:51:41.505 [main] POIXMLFactory - using default POIXMLDocumentPart for http://schemas.openxmlformats.org/officeDocument/2006/relationships/printerSettings
[DEBUG] 2022-11-28 12:51:41.505 [main] POIXMLFactory - using default POIXMLDocumentPart for http://schemas.openxmlformats.org/officeDocument/2006/relationships/printerSettings
[DEBUG] 2022-11-28 12:51:41.505 [main] POIXMLFactory - using default POIXMLDocumentPart for http://schemas.openxmlformats.org/officeDocument/2006/relationships/printerSettings
[DEBUG] 2022-11-28 12:51:41.505 [main] POIXMLFactory - using default POIXMLDocumentPart for http://schemas.openxmlformats.org/officeDocument/2006/relationships/printerSettings
[DEBUG] 2022-11-28 12:51:41.505 [main] POIXMLFactory - using default POIXMLDocumentPart for http://schemas.openxmlformats.org/officeDocument/2006/relationships/printerSettings
[DEBUG] 2022-11-28 12:51:41.505 [main] POIXMLFactory - using default POIXMLDocumentPart for http://schemas.openxmlformats.org/officeDocument/2006/relationships/printerSettings
[DEBUG] 2022-11-28 12:51:41.505 [main] POIXMLFactory - using default POIXMLDocumentPart for http://schemas.openxmlformats.org/officeDocument/2006/relationships/printerSettings
[TRACE] 2022-11-28 12:51:41.506 [main] XBeanDebug - Resolving type for handle workbookec17doctype
[TRACE] 2022-11-28 12:51:41.510 [main] XBeanDebug - Resolving type for handle ctworkbook83c3type
[TRACE] 2022-11-28 12:51:41.515 [main] XBeanDebug - Resolving type for handle ctsheets49fdtype
[TRACE] 2022-11-28 12:51:41.517 [main] XBeanDebug - Resolving type for handle ctsheet4dbetype
[TRACE] 2022-11-28 12:51:41.519 [main] XBeanDebug - Resolving type for handle strelationshipid1e94type
[TRACE] 2022-11-28 12:51:41.521 [main] XBeanDebug - Resolving type for handle worksheetf539doctype
[TRACE] 2022-11-28 12:51:41.526 [main] XBeanDebug - Resolving type for handle ctworksheet530dtype
[TRACE] 2022-11-28 12:51:41.532 [main] XBeanDebug - Resolving type for handle ctsheetdata8408type
[TRACE] 2022-11-28 12:51:41.534 [main] XBeanDebug - Resolving type for handle ctrowdd39type
[TRACE] 2022-11-28 12:51:41.539 [main] XBeanDebug - Resolving type for handle ctcell842btype
[TRACE] 2022-11-28 12:51:41.549 [main] XBeanDebug - Resolving type for handle stcellrefe4e0type
[TRACE] 2022-11-28 12:51:41.556 [main] XBeanDebug - Resolving type for handle ctcols627ctype
[TRACE] 2022-11-28 12:51:41.561 [main] XBeanDebug - Resolving type for handle ctcola95ftype
[TRACE] 2022-11-28 12:51:41.578 [main] XBeanDebug - Resolving type for handle cthyperlinks6416type
[TRACE] 2022-11-28 12:51:41.580 [main] XBeanDebug - Resolving type for handle cthyperlink0c85type
[INFO ] 2022-11-28 12:52:02.062 [main] RWC001 - ****************************** Login to the application  *****************************************
[INFO ] 2022-11-28 12:52:02.065 [main] RWC001 - get full class namecom.celtic.automation.cmcs.parallel.RWC001
[INFO ] 2022-11-28 12:52:02.065 [main] RWC001 - className isRWC001
[INFO ] 2022-11-28 12:52:02.629 [main] RWC001 - *** Enter Username ***
[INFO ] 2022-11-28 12:52:03.141 [main] RWC001 - *** Enter Password ***
[INFO ] 2022-11-28 12:52:05.639 [main] RWC001 - *** Click Login ***
[INFO ] 2022-11-28 12:52:07.621 [main] RWC001 - *** Click IRP ***
