[INFO ] 2022-11-28 13:19:40.762 [main] RWC001 - Opened Browser
[DEBUG] 2022-11-28 13:19:40.870 [main] PackageRelationshipCollection - Parsing relationship: /xl/_rels/workbook.xml.rels
[DEBUG] 2022-11-28 13:19:40.873 [main] PackageRelationshipCollection - Parsing relationship: /xl/worksheets/_rels/sheet1.xml.rels
[DEBUG] 2022-11-28 13:19:40.874 [main] PackageRelationshipCollection - Parsing relationship: /xl/worksheets/_rels/sheet2.xml.rels
[DEBUG] 2022-11-28 13:19:40.875 [main] PackageRelationshipCollection - Parsing relationship: /xl/worksheets/_rels/sheet3.xml.rels
[DEBUG] 2022-11-28 13:19:40.877 [main] PackageRelationshipCollection - Parsing relationship: /xl/worksheets/_rels/sheet5.xml.rels
[DEBUG] 2022-11-28 13:19:40.878 [main] PackageRelationshipCollection - Parsing relationship: /xl/worksheets/_rels/sheet7.xml.rels
[DEBUG] 2022-11-28 13:19:40.878 [main] PackageRelationshipCollection - Parsing relationship: /xl/worksheets/_rels/sheet10.xml.rels
[DEBUG] 2022-11-28 13:19:40.879 [main] PackageRelationshipCollection - Parsing relationship: /xl/worksheets/_rels/sheet12.xml.rels
[DEBUG] 2022-11-28 13:19:40.879 [main] PackageRelationshipCollection - Parsing relationship: /xl/worksheets/_rels/sheet19.xml.rels
[DEBUG] 2022-11-28 13:19:40.880 [main] PackageRelationshipCollection - Parsing relationship: /_rels/.rels
[TRACE] 2022-11-28 13:19:41.003 [main] XBeanDebug - Loading type system org.apache.poi.schemas.ooxml.system.ooxml
[TRACE] 2022-11-28 13:19:41.005 [main] XBeanDebug - Loading type system org.apache.xmlbeans.metadata.system.sXMLCONFIG
[TRACE] 2022-11-28 13:19:41.006 [main] XBeanDebug - Loading type system org.apache.xmlbeans.metadata.system.sXMLLANG
[TRACE] 2022-11-28 13:19:41.007 [main] XBeanDebug - Loading type system org.apache.xmlbeans.metadata.system.sXMLSCHEMA
[TRACE] 2022-11-28 13:19:41.007 [main] XBeanDebug - Loading type system org.apache.xmlbeans.metadata.system.sXMLTOOLS
[TRACE] 2022-11-28 13:19:41.008 [main] XBeanDebug - Reading unresolved handles for type system org.apache.xmlbeans.metadata.system.sXMLTOOLS
[TRACE] 2022-11-28 13:19:41.017 [main] XBeanDebug - Finished loading type system org.apache.xmlbeans.metadata.system.sXMLTOOLS
[TRACE] 2022-11-28 13:19:41.018 [main] XBeanDebug - Reading unresolved handles for type system org.apache.xmlbeans.metadata.system.sXMLSCHEMA
[TRACE] 2022-11-28 13:19:41.022 [main] XBeanDebug - Finished loading type system org.apache.xmlbeans.metadata.system.sXMLSCHEMA
[TRACE] 2022-11-28 13:19:41.022 [main] XBeanDebug - Reading unresolved handles for type system org.apache.xmlbeans.metadata.system.sXMLLANG
[TRACE] 2022-11-28 13:19:41.023 [main] XBeanDebug - Finished loading type system org.apache.xmlbeans.metadata.system.sXMLLANG
[TRACE] 2022-11-28 13:19:41.024 [main] XBeanDebug - Reading unresolved handles for type system org.apache.xmlbeans.metadata.system.sXMLCONFIG
[TRACE] 2022-11-28 13:19:41.024 [main] XBeanDebug - Finished loading type system org.apache.xmlbeans.metadata.system.sXMLCONFIG
[TRACE] 2022-11-28 13:19:41.025 [main] XBeanDebug - Reading unresolved handles for type system org.apache.poi.schemas.ooxml.system.ooxml
[TRACE] 2022-11-28 13:19:41.078 [main] XBeanDebug - Finished loading type system org.apache.poi.schemas.ooxml.system.ooxml
[TRACE] 2022-11-28 13:19:41.079 [main] XBeanDebug - Resolving type for handle themefd26doctype
[TRACE] 2022-11-28 13:19:41.120 [main] XBeanDebug - Resolving type for handle stylesheet5d8bdoctype
[TRACE] 2022-11-28 13:19:41.125 [main] XBeanDebug - Resolving type for handle ctstylesheet4257type
[TRACE] 2022-11-28 13:19:41.128 [main] XBeanDebug - Resolving type for handle ctfonts6623type
[TRACE] 2022-11-28 13:19:41.130 [main] XBeanDebug - Resolving type for handle ctfont14d8type
[TRACE] 2022-11-28 13:19:41.133 [main] XBeanDebug - Resolving type for handle ctfills2c6ftype
[TRACE] 2022-11-28 13:19:41.135 [main] XBeanDebug - Resolving type for handle ctfill550ctype
[TRACE] 2022-11-28 13:19:41.136 [main] XBeanDebug - Resolving type for handle ctborders0d66type
[TRACE] 2022-11-28 13:19:41.137 [main] XBeanDebug - Resolving type for handle ctborderf935type
[TRACE] 2022-11-28 13:19:41.139 [main] XBeanDebug - Resolving type for handle ctcellxfs1322type
[TRACE] 2022-11-28 13:19:41.141 [main] XBeanDebug - Resolving type for handle ctxf97f7type
[TRACE] 2022-11-28 13:19:41.142 [main] XBeanDebug - Resolving type for handle ctcellstylexfsa81ftype
[TRACE] 2022-11-28 13:19:41.144 [main] XBeanDebug - Resolving type for handle ctdxfsb26atype
[TRACE] 2022-11-28 13:19:41.145 [main] XBeanDebug - Resolving type for handle cttablestyles872ftype
[TRACE] 2022-11-28 13:19:41.148 [main] XBeanDebug - Resolving type for handle sstf81fdoctype
[TRACE] 2022-11-28 13:19:41.155 [main] XBeanDebug - Resolving type for handle ctsst44f3type
[TRACE] 2022-11-28 13:19:41.163 [main] XBeanDebug - Resolving type for handle ctrsta472type
[DEBUG] 2022-11-28 13:19:41.220 [main] POIXMLFactory - using default POIXMLDocumentPart for http://schemas.openxmlformats.org/officeDocument/2006/relationships/printerSettings
[DEBUG] 2022-11-28 13:19:41.220 [main] POIXMLFactory - using default POIXMLDocumentPart for http://schemas.openxmlformats.org/officeDocument/2006/relationships/printerSettings
[DEBUG] 2022-11-28 13:19:41.220 [main] POIXMLFactory - using default POIXMLDocumentPart for http://schemas.openxmlformats.org/officeDocument/2006/relationships/printerSettings
[DEBUG] 2022-11-28 13:19:41.220 [main] POIXMLFactory - using default POIXMLDocumentPart for http://schemas.openxmlformats.org/officeDocument/2006/relationships/printerSettings
[DEBUG] 2022-11-28 13:19:41.220 [main] POIXMLFactory - using default POIXMLDocumentPart for http://schemas.openxmlformats.org/officeDocument/2006/relationships/printerSettings
[DEBUG] 2022-11-28 13:19:41.220 [main] POIXMLFactory - using default POIXMLDocumentPart for http://schemas.openxmlformats.org/officeDocument/2006/relationships/printerSettings
[DEBUG] 2022-11-28 13:19:41.221 [main] POIXMLFactory - using default POIXMLDocumentPart for http://schemas.openxmlformats.org/officeDocument/2006/relationships/printerSettings
[DEBUG] 2022-11-28 13:19:41.221 [main] POIXMLFactory - using default POIXMLDocumentPart for http://schemas.openxmlformats.org/officeDocument/2006/relationships/printerSettings
[TRACE] 2022-11-28 13:19:41.222 [main] XBeanDebug - Resolving type for handle workbookec17doctype
[TRACE] 2022-11-28 13:19:41.226 [main] XBeanDebug - Resolving type for handle ctworkbook83c3type
[TRACE] 2022-11-28 13:19:41.231 [main] XBeanDebug - Resolving type for handle ctsheets49fdtype
[TRACE] 2022-11-28 13:19:41.233 [main] XBeanDebug - Resolving type for handle ctsheet4dbetype
[TRACE] 2022-11-28 13:19:41.235 [main] XBeanDebug - Resolving type for handle strelationshipid1e94type
[TRACE] 2022-11-28 13:19:41.237 [main] XBeanDebug - Resolving type for handle worksheetf539doctype
[TRACE] 2022-11-28 13:19:41.241 [main] XBeanDebug - Resolving type for handle ctworksheet530dtype
[TRACE] 2022-11-28 13:19:41.244 [main] XBeanDebug - Resolving type for handle ctsheetdata8408type
[TRACE] 2022-11-28 13:19:41.247 [main] XBeanDebug - Resolving type for handle ctrowdd39type
[TRACE] 2022-11-28 13:19:41.253 [main] XBeanDebug - Resolving type for handle ctcell842btype
[TRACE] 2022-11-28 13:19:41.260 [main] XBeanDebug - Resolving type for handle stcellrefe4e0type
[TRACE] 2022-11-28 13:19:41.269 [main] XBeanDebug - Resolving type for handle ctcols627ctype
[TRACE] 2022-11-28 13:19:41.273 [main] XBeanDebug - Resolving type for handle ctcola95ftype
[TRACE] 2022-11-28 13:19:41.296 [main] XBeanDebug - Resolving type for handle cthyperlinks6416type
[TRACE] 2022-11-28 13:19:41.298 [main] XBeanDebug - Resolving type for handle cthyperlink0c85type
[INFO ] 2022-11-28 13:20:08.751 [main] RWC001 - ****************************** Login to the application  *****************************************
[INFO ] 2022-11-28 13:20:08.751 [main] RWC001 - get full class namecom.celtic.automation.cmcs.parallel.RWC001
[INFO ] 2022-11-28 13:20:08.751 [main] RWC001 - className isRWC001
[INFO ] 2022-11-28 13:20:09.325 [main] RWC001 - *** Enter Username ***
[INFO ] 2022-11-28 13:20:09.808 [main] RWC001 - *** Enter Password ***
[INFO ] 2022-11-28 13:20:12.756 [main] RWC001 - *** Click Login ***
