[INFO ] 2022-11-28 09:20:00.952 [main] RWC001 - Opened Browser
[INFO ] 2022-11-28 09:20:22.684 [main] RWC001 - ****************************** Login to the application  *****************************************
[INFO ] 2022-11-28 09:20:22.684 [main] RWC001 - get full class namecom.celtic.automation.cmcs.parallel.RWC001
[INFO ] 2022-11-28 09:20:22.684 [main] RWC001 - className isRWC001
[INFO ] 2022-11-28 09:20:23.230 [main] RWC001 - *** Enter Username ***
[INFO ] 2022-11-28 09:20:23.682 [main] RWC001 - *** Enter Password ***
[INFO ] 2022-11-28 09:20:26.022 [main] RWC001 - *** Click Login ***
[INFO ] 2022-11-28 09:20:37.643 [main] RWC001 - *** Click IRP ***
[INFO ] 2022-11-28 09:20:39.437 [main] RWC001 - *** Click RenewFleet ***
[INFO ] 2022-11-28 09:20:40.316 [main] RWC001 - *** Enter Account Number ***
[INFO ] 2022-11-28 09:20:40.773 [main] RWC001 - *** Enter FleetNo ***
[INFO ] 2022-11-28 09:20:41.246 [main] RWC001 - *** Click FleetYear ***
[INFO ] 2022-11-28 09:20:45.461 [main] RWC001 - [IRPFLT143 : [W] Fleet information [USDOT No., TPID] in the system does not match with the MCE information.]
[INFO ] 2022-11-28 09:20:56.752 [main] RWC001 - *** Check Email Notification ***
[INFO ] 2022-11-28 09:20:58.213 [main] RWC001 - *** Enter Comments ***
[INFO ] 2022-11-28 09:21:40.589 [main] RWC001 - [GEN1292 : [I] USDOT No. has been updated based on the MCE information., GEN1292 : [I] TPID has been updated based on the MCE information., IRPFLT129 : [I] Account has 0 power unit fleet(s) for 2023. Account has 1 power unit fleet(s) for 2022., IRPACC00 : [I] Renewal account has been generated.]
[INFO ] 2022-11-28 09:21:40.784 [main] RWC001 - Message in Fleet Screen IRPACC00 : [I] Renewal account has been generated.
[INFO ] 2022-11-28 09:21:41.134 [main] RWC001 - *** navigateToServiceProvider ***
[INFO ] 2022-11-28 09:21:41.558 [main] RWC001 - *** Click PowerofAttroney ***
[INFO ] 2022-11-28 09:21:42.078 [main] RWC001 - *** Entering the Emailid ***
[INFO ] 2022-11-28 09:21:42.391 [main] RWC001 - *** Selecting the Expiration Date ***
[INFO ] 2022-11-28 09:21:42.825 [main] RWC001 - *** Selecting the IRPRequirementForm ***
[INFO ] 2022-11-28 09:21:43.220 [main] RWC001 - *** Selecting StatementofUnderstanding ***
[INFO ] 2022-11-28 09:21:43.582 [main] RWC001 - *** Selecting InstallmentAgreement ***
[INFO ] 2022-11-28 09:21:43.936 [main] RWC001 - *** Selecting PowerOfAttroney ***
[INFO ] 2022-11-28 09:21:44.286 [main] RWC001 - *** Selecting HVUTForm ***
[INFO ] 2022-11-28 09:21:44.625 [main] RWC001 - *** Selecting PropertyTax ***
[INFO ] 2022-11-28 09:21:46.030 [main] RWC001 - *** Enter Comments ***
[INFO ] 2022-11-28 09:22:49.026 [main] RWC001 - [IRPFLT01 : [I] Renewal fleet has been generated., [I] MCE: IRP status successfully updated.]
[INFO ] 2022-11-28 09:22:49.090 [main] RWC001 - Message in Distance ScreenIRPFLT01 : [I] Renewal fleet has been generated.
[INFO ] 2022-11-28 09:22:49.434 [main] RWC001 - Message in Distance ScreenIRPFLT01 : [I] Renewal fleet has been generated.
[INFO ] 2022-11-28 09:22:50.688 [main] RWC001 - *** Enter Comments ***
[INFO ] 2022-11-28 09:23:02.844 [main] RWC001 - Weight Group headervaluesWEIGHT GROUP NO.
[INFO ] 2022-11-28 09:23:02.844 [main] RWC001 - Weight Group RowDatavalues1
[INFO ] 2022-11-28 09:23:02.916 [main] RWC001 - Weight Group headervaluesWEIGHT GROUP TYPE
[INFO ] 2022-11-28 09:23:02.916 [main] RWC001 - Weight Group RowDatavaluesP - POWER UNIT
[INFO ] 2022-11-28 09:23:03.016 [main] RWC001 - Weight Group headervaluesBASE JURISDICTION WEIGHT
[INFO ] 2022-11-28 09:23:03.016 [main] RWC001 - Weight Group RowDatavalues80000
[INFO ] 2022-11-28 09:23:03.094 [main] RWC001 - Weight Group headervaluesMAX GROSS WEIGHT
[INFO ] 2022-11-28 09:23:03.094 [main] RWC001 - Weight Group RowDatavalues80000
[INFO ] 2022-11-28 09:23:03.165 [main] RWC001 - Weight Group headervalues
[INFO ] 2022-11-28 09:23:03.165 [main] RWC001 - Weight Group RowDatavalues
[INFO ] 2022-11-28 09:23:03.244 [main] RWC001 - Weight Group headervaluesWEIGHT GROUP NO.
[INFO ] 2022-11-28 09:23:03.244 [main] RWC001 - Weight Group RowDatavalues2
[INFO ] 2022-11-28 09:23:03.323 [main] RWC001 - Weight Group headervaluesWEIGHT GROUP TYPE
[INFO ] 2022-11-28 09:23:03.323 [main] RWC001 - Weight Group RowDatavaluesP - POWER UNIT
[INFO ] 2022-11-28 09:23:03.401 [main] RWC001 - Weight Group headervaluesBASE JURISDICTION WEIGHT
[INFO ] 2022-11-28 09:23:03.401 [main] RWC001 - Weight Group RowDatavalues66000
[INFO ] 2022-11-28 09:23:03.464 [main] RWC001 - Weight Group headervaluesMAX GROSS WEIGHT
[INFO ] 2022-11-28 09:23:03.464 [main] RWC001 - Weight Group RowDatavalues66000
[INFO ] 2022-11-28 09:23:03.542 [main] RWC001 - Weight Group headervaluesJUR WITH DIFFERENT WEIGHTS
[INFO ] 2022-11-28 09:23:03.542 [main] RWC001 - Weight Group RowDatavalues
[INFO ] 2022-11-28 09:23:03.712 [main] RWC001 - [IRPMLG13 : [I] Renewal Distance has been generated.]
[INFO ] 2022-11-28 09:23:03.772 [main] RWC001 - Message in Weight Group ScreenIRPMLG13 : [I] Renewal Distance has been generated.
[INFO ] 2022-11-28 09:23:06.478 [main] RWC001 - *** Click AddweightGroup ***
[INFO ] 2022-11-28 09:23:06.919 [main] RWC001 - *** Select WeightGroupType ***
[INFO ] 2022-11-28 09:23:07.435 [main] RWC001 - *** Enter WeightGroup No ***
[INFO ] 2022-11-28 09:23:07.790 [main] RWC001 - *** Select MaxGross Weight ***
[INFO ] 2022-11-28 09:23:30.435 [main] RWC001 - []
[INFO ] 2022-11-28 09:23:39.021 [main] RWC001 - []
[INFO ] 2022-11-28 09:23:39.021 [main] RWC001 - Number of Vehicles to be Amended is greater than zero Hence about to click the Amend Vehicle Radio Button
[INFO ] 2022-11-28 09:23:39.156 [main] RWC001 - *** Click AmendVehicle RadioButton ***
[INFO ] 2022-11-28 09:23:45.193 [main] RWC001 - [IRPVEH375 : [I] Please search the VIN first to process a vehicle.]
[INFO ] 2022-11-28 09:23:45.327 [main] RWC001 - Message in Amend Vehicle ScreenIRPVEH375 : [I] Please search the VIN first to process a vehicle.
[INFO ] 2022-11-28 09:23:45.741 [main] RWC001 - *** Enter Unit number ***
