[INFO ] 2022-11-28 12:57:57.061 [main] RWC001 - Opened Browser
[ERROR] 2022-11-28 12:57:57.065 [main] RWC001 - ok
[DEBUG] 2022-11-28 12:57:57.162 [main] PackageRelationshipCollection - Parsing relationship: /xl/_rels/workbook.xml.rels
[DEBUG] 2022-11-28 12:57:57.166 [main] PackageRelationshipCollection - Parsing relationship: /xl/worksheets/_rels/sheet1.xml.rels
[DEBUG] 2022-11-28 12:57:57.167 [main] PackageRelationshipCollection - Parsing relationship: /xl/worksheets/_rels/sheet2.xml.rels
[DEBUG] 2022-11-28 12:57:57.168 [main] PackageRelationshipCollection - Parsing relationship: /xl/worksheets/_rels/sheet3.xml.rels
[DEBUG] 2022-11-28 12:57:57.170 [main] PackageRelationshipCollection - Parsing relationship: /xl/worksheets/_rels/sheet5.xml.rels
[DEBUG] 2022-11-28 12:57:57.171 [main] PackageRelationshipCollection - Parsing relationship: /xl/worksheets/_rels/sheet7.xml.rels
[DEBUG] 2022-11-28 12:57:57.172 [main] PackageRelationshipCollection - Parsing relationship: /xl/worksheets/_rels/sheet10.xml.rels
[DEBUG] 2022-11-28 12:57:57.173 [main] PackageRelationshipCollection - Parsing relationship: /xl/worksheets/_rels/sheet12.xml.rels
[DEBUG] 2022-11-28 12:57:57.174 [main] PackageRelationshipCollection - Parsing relationship: /xl/worksheets/_rels/sheet19.xml.rels
[DEBUG] 2022-11-28 12:57:57.175 [main] PackageRelationshipCollection - Parsing relationship: /_rels/.rels
[TRACE] 2022-11-28 12:57:57.301 [main] XBeanDebug - Loading type system org.apache.poi.schemas.ooxml.system.ooxml
[TRACE] 2022-11-28 12:57:57.303 [main] XBeanDebug - Loading type system org.apache.xmlbeans.metadata.system.sXMLCONFIG
[TRACE] 2022-11-28 12:57:57.304 [main] XBeanDebug - Loading type system org.apache.xmlbeans.metadata.system.sXMLLANG
[TRACE] 2022-11-28 12:57:57.304 [main] XBeanDebug - Loading type system org.apache.xmlbeans.metadata.system.sXMLSCHEMA
[TRACE] 2022-11-28 12:57:57.305 [main] XBeanDebug - Loading type system org.apache.xmlbeans.metadata.system.sXMLTOOLS
[TRACE] 2022-11-28 12:57:57.306 [main] XBeanDebug - Reading unresolved handles for type system org.apache.xmlbeans.metadata.system.sXMLTOOLS
[TRACE] 2022-11-28 12:57:57.317 [main] XBeanDebug - Finished loading type system org.apache.xmlbeans.metadata.system.sXMLTOOLS
[TRACE] 2022-11-28 12:57:57.317 [main] XBeanDebug - Reading unresolved handles for type system org.apache.xmlbeans.metadata.system.sXMLSCHEMA
[TRACE] 2022-11-28 12:57:57.320 [main] XBeanDebug - Finished loading type system org.apache.xmlbeans.metadata.system.sXMLSCHEMA
[TRACE] 2022-11-28 12:57:57.320 [main] XBeanDebug - Reading unresolved handles for type system org.apache.xmlbeans.metadata.system.sXMLLANG
[TRACE] 2022-11-28 12:57:57.321 [main] XBeanDebug - Finished loading type system org.apache.xmlbeans.metadata.system.sXMLLANG
[TRACE] 2022-11-28 12:57:57.322 [main] XBeanDebug - Reading unresolved handles for type system org.apache.xmlbeans.metadata.system.sXMLCONFIG
[TRACE] 2022-11-28 12:57:57.322 [main] XBeanDebug - Finished loading type system org.apache.xmlbeans.metadata.system.sXMLCONFIG
[TRACE] 2022-11-28 12:57:57.323 [main] XBeanDebug - Reading unresolved handles for type system org.apache.poi.schemas.ooxml.system.ooxml
[TRACE] 2022-11-28 12:57:57.353 [main] XBeanDebug - Finished loading type system org.apache.poi.schemas.ooxml.system.ooxml
[TRACE] 2022-11-28 12:57:57.354 [main] XBeanDebug - Resolving type for handle themefd26doctype
[TRACE] 2022-11-28 12:57:57.392 [main] XBeanDebug - Resolving type for handle stylesheet5d8bdoctype
[TRACE] 2022-11-28 12:57:57.397 [main] XBeanDebug - Resolving type for handle ctstylesheet4257type
[TRACE] 2022-11-28 12:57:57.400 [main] XBeanDebug - Resolving type for handle ctfonts6623type
[TRACE] 2022-11-28 12:57:57.402 [main] XBeanDebug - Resolving type for handle ctfont14d8type
[TRACE] 2022-11-28 12:57:57.407 [main] XBeanDebug - Resolving type for handle ctfills2c6ftype
[TRACE] 2022-11-28 12:57:57.408 [main] XBeanDebug - Resolving type for handle ctfill550ctype
[TRACE] 2022-11-28 12:57:57.410 [main] XBeanDebug - Resolving type for handle ctborders0d66type
[TRACE] 2022-11-28 12:57:57.412 [main] XBeanDebug - Resolving type for handle ctborderf935type
[TRACE] 2022-11-28 12:57:57.414 [main] XBeanDebug - Resolving type for handle ctcellxfs1322type
[TRACE] 2022-11-28 12:57:57.416 [main] XBeanDebug - Resolving type for handle ctxf97f7type
[TRACE] 2022-11-28 12:57:57.419 [main] XBeanDebug - Resolving type for handle ctcellstylexfsa81ftype
[TRACE] 2022-11-28 12:57:57.420 [main] XBeanDebug - Resolving type for handle ctdxfsb26atype
[TRACE] 2022-11-28 12:57:57.422 [main] XBeanDebug - Resolving type for handle cttablestyles872ftype
[TRACE] 2022-11-28 12:57:57.425 [main] XBeanDebug - Resolving type for handle sstf81fdoctype
[TRACE] 2022-11-28 12:57:57.433 [main] XBeanDebug - Resolving type for handle ctsst44f3type
[TRACE] 2022-11-28 12:57:57.442 [main] XBeanDebug - Resolving type for handle ctrsta472type
[DEBUG] 2022-11-28 12:57:57.487 [main] POIXMLFactory - using default POIXMLDocumentPart for http://schemas.openxmlformats.org/officeDocument/2006/relationships/printerSettings
[DEBUG] 2022-11-28 12:57:57.487 [main] POIXMLFactory - using default POIXMLDocumentPart for http://schemas.openxmlformats.org/officeDocument/2006/relationships/printerSettings
[DEBUG] 2022-11-28 12:57:57.487 [main] POIXMLFactory - using default POIXMLDocumentPart for http://schemas.openxmlformats.org/officeDocument/2006/relationships/printerSettings
[DEBUG] 2022-11-28 12:57:57.487 [main] POIXMLFactory - using default POIXMLDocumentPart for http://schemas.openxmlformats.org/officeDocument/2006/relationships/printerSettings
[DEBUG] 2022-11-28 12:57:57.487 [main] POIXMLFactory - using default POIXMLDocumentPart for http://schemas.openxmlformats.org/officeDocument/2006/relationships/printerSettings
[DEBUG] 2022-11-28 12:57:57.488 [main] POIXMLFactory - using default POIXMLDocumentPart for http://schemas.openxmlformats.org/officeDocument/2006/relationships/printerSettings
[DEBUG] 2022-11-28 12:57:57.488 [main] POIXMLFactory - using default POIXMLDocumentPart for http://schemas.openxmlformats.org/officeDocument/2006/relationships/printerSettings
[DEBUG] 2022-11-28 12:57:57.488 [main] POIXMLFactory - using default POIXMLDocumentPart for http://schemas.openxmlformats.org/officeDocument/2006/relationships/printerSettings
[TRACE] 2022-11-28 12:57:57.489 [main] XBeanDebug - Resolving type for handle workbookec17doctype
[TRACE] 2022-11-28 12:57:57.493 [main] XBeanDebug - Resolving type for handle ctworkbook83c3type
[TRACE] 2022-11-28 12:57:57.496 [main] XBeanDebug - Resolving type for handle ctsheets49fdtype
[TRACE] 2022-11-28 12:57:57.498 [main] XBeanDebug - Resolving type for handle ctsheet4dbetype
[TRACE] 2022-11-28 12:57:57.499 [main] XBeanDebug - Resolving type for handle strelationshipid1e94type
[TRACE] 2022-11-28 12:57:57.501 [main] XBeanDebug - Resolving type for handle worksheetf539doctype
[TRACE] 2022-11-28 12:57:57.504 [main] XBeanDebug - Resolving type for handle ctworksheet530dtype
[TRACE] 2022-11-28 12:57:57.509 [main] XBeanDebug - Resolving type for handle ctsheetdata8408type
[TRACE] 2022-11-28 12:57:57.511 [main] XBeanDebug - Resolving type for handle ctrowdd39type
[TRACE] 2022-11-28 12:57:57.515 [main] XBeanDebug - Resolving type for handle ctcell842btype
[TRACE] 2022-11-28 12:57:57.520 [main] XBeanDebug - Resolving type for handle stcellrefe4e0type
[TRACE] 2022-11-28 12:57:57.528 [main] XBeanDebug - Resolving type for handle ctcols627ctype
[TRACE] 2022-11-28 12:57:57.532 [main] XBeanDebug - Resolving type for handle ctcola95ftype
[TRACE] 2022-11-28 12:57:57.548 [main] XBeanDebug - Resolving type for handle cthyperlinks6416type
[TRACE] 2022-11-28 12:57:57.550 [main] XBeanDebug - Resolving type for handle cthyperlink0c85type
[INFO ] 2022-11-28 12:58:39.680 [main] RWC001 - ****************************** Login to the application  *****************************************
[INFO ] 2022-11-28 12:58:39.680 [main] RWC001 - get full class namecom.celtic.automation.cmcs.parallel.RWC001
[INFO ] 2022-11-28 12:58:39.680 [main] RWC001 - className isRWC001
[INFO ] 2022-11-28 12:58:40.259 [main] RWC001 - *** Enter Username ***
[INFO ] 2022-11-28 12:58:40.694 [main] RWC001 - *** Enter Password ***
[INFO ] 2022-11-28 12:58:45.893 [main] RWC001 - *** Click Login ***
[INFO ] 2022-11-28 12:59:11.391 [main] RWC001 - *** Click IRP ***
