[INFO ] 2022-11-28 12:55:37.266 [main] RWC001 - Opened Browser
[DEBUG] 2022-11-28 12:55:37.371 [main] PackageRelationshipCollection - Parsing relationship: /xl/_rels/workbook.xml.rels
[DEBUG] 2022-11-28 12:55:37.374 [main] PackageRelationshipCollection - Parsing relationship: /xl/worksheets/_rels/sheet1.xml.rels
[DEBUG] 2022-11-28 12:55:37.375 [main] PackageRelationshipCollection - Parsing relationship: /xl/worksheets/_rels/sheet2.xml.rels
[DEBUG] 2022-11-28 12:55:37.376 [main] PackageRelationshipCollection - Parsing relationship: /xl/worksheets/_rels/sheet3.xml.rels
[DEBUG] 2022-11-28 12:55:37.378 [main] PackageRelationshipCollection - Parsing relationship: /xl/worksheets/_rels/sheet5.xml.rels
[DEBUG] 2022-11-28 12:55:37.379 [main] PackageRelationshipCollection - Parsing relationship: /xl/worksheets/_rels/sheet7.xml.rels
[DEBUG] 2022-11-28 12:55:37.379 [main] PackageRelationshipCollection - Parsing relationship: /xl/worksheets/_rels/sheet10.xml.rels
[DEBUG] 2022-11-28 12:55:37.380 [main] PackageRelationshipCollection - Parsing relationship: /xl/worksheets/_rels/sheet12.xml.rels
[DEBUG] 2022-11-28 12:55:37.380 [main] PackageRelationshipCollection - Parsing relationship: /xl/worksheets/_rels/sheet19.xml.rels
[DEBUG] 2022-11-28 12:55:37.381 [main] PackageRelationshipCollection - Parsing relationship: /_rels/.rels
[TRACE] 2022-11-28 12:55:37.501 [main] XBeanDebug - Loading type system org.apache.poi.schemas.ooxml.system.ooxml
[TRACE] 2022-11-28 12:55:37.504 [main] XBeanDebug - Loading type system org.apache.xmlbeans.metadata.system.sXMLCONFIG
[TRACE] 2022-11-28 12:55:37.505 [main] XBeanDebug - Loading type system org.apache.xmlbeans.metadata.system.sXMLLANG
[TRACE] 2022-11-28 12:55:37.506 [main] XBeanDebug - Loading type system org.apache.xmlbeans.metadata.system.sXMLSCHEMA
[TRACE] 2022-11-28 12:55:37.507 [main] XBeanDebug - Loading type system org.apache.xmlbeans.metadata.system.sXMLTOOLS
[TRACE] 2022-11-28 12:55:37.508 [main] XBeanDebug - Reading unresolved handles for type system org.apache.xmlbeans.metadata.system.sXMLTOOLS
[TRACE] 2022-11-28 12:55:37.522 [main] XBeanDebug - Finished loading type system org.apache.xmlbeans.metadata.system.sXMLTOOLS
[TRACE] 2022-11-28 12:55:37.523 [main] XBeanDebug - Reading unresolved handles for type system org.apache.xmlbeans.metadata.system.sXMLSCHEMA
[TRACE] 2022-11-28 12:55:37.527 [main] XBeanDebug - Finished loading type system org.apache.xmlbeans.metadata.system.sXMLSCHEMA
[TRACE] 2022-11-28 12:55:37.528 [main] XBeanDebug - Reading unresolved handles for type system org.apache.xmlbeans.metadata.system.sXMLLANG
[TRACE] 2022-11-28 12:55:37.529 [main] XBeanDebug - Finished loading type system org.apache.xmlbeans.metadata.system.sXMLLANG
[TRACE] 2022-11-28 12:55:37.529 [main] XBeanDebug - Reading unresolved handles for type system org.apache.xmlbeans.metadata.system.sXMLCONFIG
[TRACE] 2022-11-28 12:55:37.530 [main] XBeanDebug - Finished loading type system org.apache.xmlbeans.metadata.system.sXMLCONFIG
[TRACE] 2022-11-28 12:55:37.531 [main] XBeanDebug - Reading unresolved handles for type system org.apache.poi.schemas.ooxml.system.ooxml
[TRACE] 2022-11-28 12:55:37.574 [main] XBeanDebug - Finished loading type system org.apache.poi.schemas.ooxml.system.ooxml
[TRACE] 2022-11-28 12:55:37.575 [main] XBeanDebug - Resolving type for handle themefd26doctype
[TRACE] 2022-11-28 12:55:37.616 [main] XBeanDebug - Resolving type for handle stylesheet5d8bdoctype
[TRACE] 2022-11-28 12:55:37.621 [main] XBeanDebug - Resolving type for handle ctstylesheet4257type
[TRACE] 2022-11-28 12:55:37.624 [main] XBeanDebug - Resolving type for handle ctfonts6623type
[TRACE] 2022-11-28 12:55:37.626 [main] XBeanDebug - Resolving type for handle ctfont14d8type
[TRACE] 2022-11-28 12:55:37.629 [main] XBeanDebug - Resolving type for handle ctfills2c6ftype
[TRACE] 2022-11-28 12:55:37.631 [main] XBeanDebug - Resolving type for handle ctfill550ctype
[TRACE] 2022-11-28 12:55:37.632 [main] XBeanDebug - Resolving type for handle ctborders0d66type
[TRACE] 2022-11-28 12:55:37.634 [main] XBeanDebug - Resolving type for handle ctborderf935type
[TRACE] 2022-11-28 12:55:37.636 [main] XBeanDebug - Resolving type for handle ctcellxfs1322type
[TRACE] 2022-11-28 12:55:37.638 [main] XBeanDebug - Resolving type for handle ctxf97f7type
[TRACE] 2022-11-28 12:55:37.640 [main] XBeanDebug - Resolving type for handle ctcellstylexfsa81ftype
[TRACE] 2022-11-28 12:55:37.641 [main] XBeanDebug - Resolving type for handle ctdxfsb26atype
[TRACE] 2022-11-28 12:55:37.643 [main] XBeanDebug - Resolving type for handle cttablestyles872ftype
[TRACE] 2022-11-28 12:55:37.645 [main] XBeanDebug - Resolving type for handle sstf81fdoctype
[TRACE] 2022-11-28 12:55:37.650 [main] XBeanDebug - Resolving type for handle ctsst44f3type
[TRACE] 2022-11-28 12:55:37.660 [main] XBeanDebug - Resolving type for handle ctrsta472type
[DEBUG] 2022-11-28 12:55:37.704 [main] POIXMLFactory - using default POIXMLDocumentPart for http://schemas.openxmlformats.org/officeDocument/2006/relationships/printerSettings
[DEBUG] 2022-11-28 12:55:37.705 [main] POIXMLFactory - using default POIXMLDocumentPart for http://schemas.openxmlformats.org/officeDocument/2006/relationships/printerSettings
[DEBUG] 2022-11-28 12:55:37.705 [main] POIXMLFactory - using default POIXMLDocumentPart for http://schemas.openxmlformats.org/officeDocument/2006/relationships/printerSettings
[DEBUG] 2022-11-28 12:55:37.705 [main] POIXMLFactory - using default POIXMLDocumentPart for http://schemas.openxmlformats.org/officeDocument/2006/relationships/printerSettings
[DEBUG] 2022-11-28 12:55:37.705 [main] POIXMLFactory - using default POIXMLDocumentPart for http://schemas.openxmlformats.org/officeDocument/2006/relationships/printerSettings
[DEBUG] 2022-11-28 12:55:37.705 [main] POIXMLFactory - using default POIXMLDocumentPart for http://schemas.openxmlformats.org/officeDocument/2006/relationships/printerSettings
[DEBUG] 2022-11-28 12:55:37.705 [main] POIXMLFactory - using default POIXMLDocumentPart for http://schemas.openxmlformats.org/officeDocument/2006/relationships/printerSettings
[DEBUG] 2022-11-28 12:55:37.705 [main] POIXMLFactory - using default POIXMLDocumentPart for http://schemas.openxmlformats.org/officeDocument/2006/relationships/printerSettings
[TRACE] 2022-11-28 12:55:37.706 [main] XBeanDebug - Resolving type for handle workbookec17doctype
[TRACE] 2022-11-28 12:55:37.710 [main] XBeanDebug - Resolving type for handle ctworkbook83c3type
[TRACE] 2022-11-28 12:55:37.715 [main] XBeanDebug - Resolving type for handle ctsheets49fdtype
[TRACE] 2022-11-28 12:55:37.717 [main] XBeanDebug - Resolving type for handle ctsheet4dbetype
[TRACE] 2022-11-28 12:55:37.719 [main] XBeanDebug - Resolving type for handle strelationshipid1e94type
[TRACE] 2022-11-28 12:55:37.721 [main] XBeanDebug - Resolving type for handle worksheetf539doctype
[TRACE] 2022-11-28 12:55:37.726 [main] XBeanDebug - Resolving type for handle ctworksheet530dtype
[TRACE] 2022-11-28 12:55:37.733 [main] XBeanDebug - Resolving type for handle ctsheetdata8408type
[TRACE] 2022-11-28 12:55:37.736 [main] XBeanDebug - Resolving type for handle ctrowdd39type
[TRACE] 2022-11-28 12:55:37.741 [main] XBeanDebug - Resolving type for handle ctcell842btype
[TRACE] 2022-11-28 12:55:37.747 [main] XBeanDebug - Resolving type for handle stcellrefe4e0type
[TRACE] 2022-11-28 12:55:37.754 [main] XBeanDebug - Resolving type for handle ctcols627ctype
[TRACE] 2022-11-28 12:55:37.759 [main] XBeanDebug - Resolving type for handle ctcola95ftype
[TRACE] 2022-11-28 12:55:37.779 [main] XBeanDebug - Resolving type for handle cthyperlinks6416type
[TRACE] 2022-11-28 12:55:37.782 [main] XBeanDebug - Resolving type for handle cthyperlink0c85type
[INFO ] 2022-11-28 12:56:00.552 [main] RWC001 - ****************************** Login to the application  *****************************************
[INFO ] 2022-11-28 12:56:00.552 [main] RWC001 - get full class namecom.celtic.automation.cmcs.parallel.RWC001
[INFO ] 2022-11-28 12:56:00.552 [main] RWC001 - className isRWC001
[INFO ] 2022-11-28 12:56:01.154 [main] RWC001 - *** Enter Username ***
[INFO ] 2022-11-28 12:56:01.608 [main] RWC001 - *** Enter Password ***
[INFO ] 2022-11-28 12:56:04.639 [main] RWC001 - *** Click Login ***
[INFO ] 2022-11-28 12:56:08.283 [main] RWC001 - *** Click IRP ***
